{"D:\\Repositories\\resume_scanner\\frontend\\src\\App.tsx": {"path":"D:\\Repositories\\resume_scanner\\frontend\\src\\App.tsx","statementMap":{"0":{"start":{"line":10,"column":22},"end":{"line":24,"column":1}},"1":{"start":{"line":11,"column":2},"end":{"line":23,"column":4}}},"fnMap":{"0":{"name":"(anonymous_0)","decl":{"start":{"line":10,"column":22},"end":{"line":10,"column":23}},"loc":{"start":{"line":10,"column":28},"end":{"line":24,"column":1}},"line":10}},"branchMap":{},"s":{"0":0,"1":0},"f":{"0":0},"b":{}}
,"D:\\Repositories\\resume_scanner\\frontend\\src\\index.tsx": {"path":"D:\\Repositories\\resume_scanner\\frontend\\src\\index.tsx","statementMap":{"0":{"start":{"line":7,"column":13},"end":{"line":9,"column":1}},"1":{"start":{"line":10,"column":0},"end":{"line":14,"column":2}},"2":{"start":{"line":19,"column":0},"end":{"line":19,"column":18}}},"fnMap":{},"branchMap":{},"s":{"0":0,"1":0,"2":0},"f":{},"b":{}}
,"D:\\Repositories\\resume_scanner\\frontend\\src\\reportWebVitals.ts": {"path":"D:\\Repositories\\resume_scanner\\frontend\\src\\reportWebVitals.ts","statementMap":{"0":{"start":{"line":3,"column":24},"end":{"line":13,"column":1}},"1":{"start":{"line":4,"column":2},"end":{"line":12,"column":3}},"2":{"start":{"line":5,"column":4},"end":{"line":11,"column":7}},"3":{"start":{"line":6,"column":6},"end":{"line":6,"column":26}},"4":{"start":{"line":7,"column":6},"end":{"line":7,"column":26}},"5":{"start":{"line":8,"column":6},"end":{"line":8,"column":26}},"6":{"start":{"line":9,"column":6},"end":{"line":9,"column":26}},"7":{"start":{"line":10,"column":6},"end":{"line":10,"column":27}}},"fnMap":{"0":{"name":"(anonymous_0)","decl":{"start":{"line":3,"column":24},"end":{"line":3,"column":25}},"loc":{"start":{"line":3,"column":57},"end":{"line":13,"column":1}},"line":3},"1":{"name":"(anonymous_1)","decl":{"start":{"line":5,"column":30},"end":{"line":5,"column":31}},"loc":{"start":{"line":5,"column":79},"end":{"line":11,"column":5}},"line":5}},"branchMap":{"0":{"loc":{"start":{"line":4,"column":2},"end":{"line":12,"column":3}},"type":"if","locations":[{"start":{"line":4,"column":2},"end":{"line":12,"column":3}},{"start":{},"end":{}}],"line":4},"1":{"loc":{"start":{"line":4,"column":6},"end":{"line":4,"column":52}},"type":"binary-expr","locations":[{"start":{"line":4,"column":6},"end":{"line":4,"column":17}},{"start":{"line":4,"column":21},"end":{"line":4,"column":52}}],"line":4}},"s":{"0":0,"1":0,"2":0,"3":0,"4":0,"5":0,"6":0,"7":0},"f":{"0":0,"1":0},"b":{"0":[0,0],"1":[0,0]}}
,"D:\\Repositories\\resume_scanner\\frontend\\src\\components\\CheckToken.tsx": {"path":"D:\\Repositories\\resume_scanner\\frontend\\src\\components\\CheckToken.tsx","statementMap":{"0":{"start":{"line":5,"column":19},"end":{"line":30,"column":1}},"1":{"start":{"line":6,"column":19},"end":{"line":6,"column":32}},"2":{"start":{"line":8,"column":2},"end":{"line":29,"column":17}},"3":{"start":{"line":9,"column":18},"end":{"line":9,"column":47}},"4":{"start":{"line":11,"column":4},"end":{"line":28,"column":5}},"5":{"start":{"line":12,"column":6},"end":{"line":25,"column":7}},"6":{"start":{"line":13,"column":29},"end":{"line":13,"column":45}},"7":{"start":{"line":14,"column":26},"end":{"line":14,"column":36}},"8":{"start":{"line":16,"column":8},"end":{"line":21,"column":9}},"9":{"start":{"line":17,"column":10},"end":{"line":17,"column":40}},"10":{"start":{"line":18,"column":10},"end":{"line":18,"column":29}},"11":{"start":{"line":20,"column":10},"end":{"line":20,"column":37}},"12":{"start":{"line":23,"column":8},"end":{"line":23,"column":47}},"13":{"start":{"line":24,"column":8},"end":{"line":24,"column":27}},"14":{"start":{"line":27,"column":6},"end":{"line":27,"column":25}}},"fnMap":{"0":{"name":"(anonymous_0)","decl":{"start":{"line":5,"column":19},"end":{"line":5,"column":20}},"loc":{"start":{"line":5,"column":25},"end":{"line":30,"column":1}},"line":5},"1":{"name":"(anonymous_1)","decl":{"start":{"line":8,"column":12},"end":{"line":8,"column":13}},"loc":{"start":{"line":8,"column":18},"end":{"line":29,"column":3}},"line":8}},"branchMap":{"0":{"loc":{"start":{"line":11,"column":4},"end":{"line":28,"column":5}},"type":"if","locations":[{"start":{"line":11,"column":4},"end":{"line":28,"column":5}},{"start":{"line":26,"column":11},"end":{"line":28,"column":5}}],"line":11},"1":{"loc":{"start":{"line":16,"column":8},"end":{"line":21,"column":9}},"type":"if","locations":[{"start":{"line":16,"column":8},"end":{"line":21,"column":9}},{"start":{"line":19,"column":15},"end":{"line":21,"column":9}}],"line":16},"2":{"loc":{"start":{"line":16,"column":12},"end":{"line":16,"column":79}},"type":"binary-expr","locations":[{"start":{"line":16,"column":12},"end":{"line":16,"column":28}},{"start":{"line":16,"column":32},"end":{"line":16,"column":79}}],"line":16}},"s":{"0":0,"1":0,"2":0,"3":0,"4":0,"5":0,"6":0,"7":0,"8":0,"9":0,"10":0,"11":0,"12":0,"13":0,"14":0},"f":{"0":0,"1":0},"b":{"0":[0,0],"1":[0,0],"2":[0,0]}}
,"D:\\Repositories\\resume_scanner\\frontend\\src\\components\\Login.tsx": {"path":"D:\\Repositories\\resume_scanner\\frontend\\src\\components\\Login.tsx","statementMap":{"0":{"start":{"line":7,"column":24},"end":{"line":61,"column":1}},"1":{"start":{"line":8,"column":21},"end":{"line":8,"column":34}},"2":{"start":{"line":9,"column":36},"end":{"line":12,"column":6}},"3":{"start":{"line":14,"column":30},"end":{"line":14,"column":42}},"4":{"start":{"line":17,"column":25},"end":{"line":19,"column":5}},"5":{"start":{"line":18,"column":8},"end":{"line":18,"column":70}},"6":{"start":{"line":22,"column":25},"end":{"line":34,"column":5}},"7":{"start":{"line":23,"column":8},"end":{"line":23,"column":27}},"8":{"start":{"line":24,"column":8},"end":{"line":33,"column":9}},"9":{"start":{"line":25,"column":29},"end":{"line":25,"column":90}},"10":{"start":{"line":26,"column":12},"end":{"line":26,"column":45}},"11":{"start":{"line":27,"column":12},"end":{"line":27,"column":63}},"12":{"start":{"line":28,"column":12},"end":{"line":28,"column":25}},"13":{"start":{"line":29,"column":12},"end":{"line":29,"column":34}},"14":{"start":{"line":31,"column":12},"end":{"line":31,"column":56}},"15":{"start":{"line":32,"column":12},"end":{"line":32,"column":37}},"16":{"start":{"line":35,"column":4},"end":{"line":60,"column":6}}},"fnMap":{"0":{"name":"(anonymous_0)","decl":{"start":{"line":7,"column":24},"end":{"line":7,"column":25}},"loc":{"start":{"line":7,"column":30},"end":{"line":61,"column":1}},"line":7},"1":{"name":"(anonymous_1)","decl":{"start":{"line":17,"column":25},"end":{"line":17,"column":26}},"loc":{"start":{"line":17,"column":69},"end":{"line":19,"column":5}},"line":17},"2":{"name":"(anonymous_2)","decl":{"start":{"line":22,"column":25},"end":{"line":22,"column":26}},"loc":{"start":{"line":22,"column":55},"end":{"line":34,"column":5}},"line":22}},"branchMap":{"0":{"loc":{"start":{"line":52,"column":21},"end":{"line":52,"column":44}},"type":"binary-expr","locations":[{"start":{"line":52,"column":21},"end":{"line":52,"column":26}},{"start":{"line":52,"column":30},"end":{"line":52,"column":44}}],"line":52}},"s":{"0":1,"1":30,"2":30,"3":29,"4":29,"5":27,"6":29,"7":1,"8":1,"9":1,"10":1,"11":1,"12":1,"13":1,"14":1,"15":1,"16":29},"f":{"0":30,"1":27,"2":1},"b":{"0":[29,0]},"_coverageSchema":"1a1c01bbd47fc00a2c39e90264f33305004495a9","hash":"a402e0450613e24757028ccf2bf951340041b582"}
,"D:\\Repositories\\resume_scanner\\frontend\\src\\components\\SignUp.tsx": {"path":"D:\\Repositories\\resume_scanner\\frontend\\src\\components\\SignUp.tsx","statementMap":{"0":{"start":{"line":8,"column":25},"end":{"line":126,"column":1}},"1":{"start":{"line":9,"column":21},"end":{"line":9,"column":34}},"2":{"start":{"line":10,"column":36},"end":{"line":16,"column":6}},"3":{"start":{"line":17,"column":52},"end":{"line":17,"column":64}},"4":{"start":{"line":18,"column":30},"end":{"line":18,"column":42}},"5":{"start":{"line":21,"column":25},"end":{"line":26,"column":5}},"6":{"start":{"line":22,"column":8},"end":{"line":22,"column":70}},"7":{"start":{"line":23,"column":8},"end":{"line":25,"column":9}},"8":{"start":{"line":24,"column":12},"end":{"line":24,"column":71}},"9":{"start":{"line":28,"column":25},"end":{"line":60,"column":5}},"10":{"start":{"line":29,"column":8},"end":{"line":29,"column":27}},"11":{"start":{"line":32,"column":8},"end":{"line":35,"column":9}},"12":{"start":{"line":33,"column":12},"end":{"line":33,"column":48}},"13":{"start":{"line":34,"column":12},"end":{"line":34,"column":19}},"14":{"start":{"line":37,"column":8},"end":{"line":40,"column":9}},"15":{"start":{"line":38,"column":12},"end":{"line":38,"column":46}},"16":{"start":{"line":39,"column":12},"end":{"line":39,"column":19}},"17":{"start":{"line":43,"column":24},"end":{"line":47,"column":9}},"18":{"start":{"line":50,"column":8},"end":{"line":59,"column":9}},"19":{"start":{"line":51,"column":29},"end":{"line":51,"column":92}},"20":{"start":{"line":53,"column":12},"end":{"line":53,"column":41}},"21":{"start":{"line":54,"column":12},"end":{"line":54,"column":25}},"22":{"start":{"line":55,"column":12},"end":{"line":55,"column":31}},"23":{"start":{"line":57,"column":12},"end":{"line":57,"column":67}},"24":{"start":{"line":58,"column":12},"end":{"line":58,"column":44}},"25":{"start":{"line":62,"column":34},"end":{"line":77,"column":5}},"26":{"start":{"line":63,"column":33},"end":{"line":69,"column":9}},"27":{"start":{"line":71,"column":31},"end":{"line":71,"column":104}},"28":{"start":{"line":71,"column":67},"end":{"line":71,"column":96}},"29":{"start":{"line":72,"column":8},"end":{"line":72,"column":71}},"30":{"start":{"line":74,"column":8},"end":{"line":74,"column":50}},"31":{"start":{"line":74,"column":34},"end":{"line":74,"column":50}},"32":{"start":{"line":75,"column":8},"end":{"line":75,"column":51}},"33":{"start":{"line":75,"column":33},"end":{"line":75,"column":51}},"34":{"start":{"line":76,"column":8},"end":{"line":76,"column":22}},"35":{"start":{"line":79,"column":4},"end":{"line":125,"column":6}}},"fnMap":{"0":{"name":"(anonymous_0)","decl":{"start":{"line":8,"column":25},"end":{"line":8,"column":26}},"loc":{"start":{"line":8,"column":31},"end":{"line":126,"column":1}},"line":8},"1":{"name":"(anonymous_1)","decl":{"start":{"line":21,"column":25},"end":{"line":21,"column":26}},"loc":{"start":{"line":21,"column":69},"end":{"line":26,"column":5}},"line":21},"2":{"name":"(anonymous_2)","decl":{"start":{"line":28,"column":25},"end":{"line":28,"column":26}},"loc":{"start":{"line":28,"column":55},"end":{"line":60,"column":5}},"line":28},"3":{"name":"(anonymous_3)","decl":{"start":{"line":62,"column":34},"end":{"line":62,"column":35}},"loc":{"start":{"line":62,"column":64},"end":{"line":77,"column":5}},"line":62},"4":{"name":"(anonymous_4)","decl":{"start":{"line":71,"column":55},"end":{"line":71,"column":56}},"loc":{"start":{"line":71,"column":67},"end":{"line":71,"column":96}},"line":71}},"branchMap":{"0":{"loc":{"start":{"line":23,"column":8},"end":{"line":25,"column":9}},"type":"if","locations":[{"start":{"line":23,"column":8},"end":{"line":25,"column":9}},{"start":{},"end":{}}],"line":23},"1":{"loc":{"start":{"line":32,"column":8},"end":{"line":35,"column":9}},"type":"if","locations":[{"start":{"line":32,"column":8},"end":{"line":35,"column":9}},{"start":{},"end":{}}],"line":32},"2":{"loc":{"start":{"line":37,"column":8},"end":{"line":40,"column":9}},"type":"if","locations":[{"start":{"line":37,"column":8},"end":{"line":40,"column":9}},{"start":{},"end":{}}],"line":37},"3":{"loc":{"start":{"line":74,"column":8},"end":{"line":74,"column":50}},"type":"if","locations":[{"start":{"line":74,"column":8},"end":{"line":74,"column":50}},{"start":{},"end":{}}],"line":74},"4":{"loc":{"start":{"line":75,"column":8},"end":{"line":75,"column":51}},"type":"if","locations":[{"start":{"line":75,"column":8},"end":{"line":75,"column":51}},{"start":{},"end":{}}],"line":75},"5":{"loc":{"start":{"line":105,"column":21},"end":{"line":109,"column":21}},"type":"binary-expr","locations":[{"start":{"line":105,"column":21},"end":{"line":105,"column":37}},{"start":{"line":106,"column":24},"end":{"line":108,"column":28}}],"line":105},"6":{"loc":{"start":{"line":117,"column":21},"end":{"line":117,"column":44}},"type":"binary-expr","locations":[{"start":{"line":117,"column":21},"end":{"line":117,"column":26}},{"start":{"line":117,"column":30},"end":{"line":117,"column":44}}],"line":117}},"s":{"0":0,"1":0,"2":0,"3":0,"4":0,"5":0,"6":0,"7":0,"8":0,"9":0,"10":0,"11":0,"12":0,"13":0,"14":0,"15":0,"16":0,"17":0,"18":0,"19":0,"20":0,"21":0,"22":0,"23":0,"24":0,"25":0,"26":0,"27":0,"28":0,"29":0,"30":0,"31":0,"32":0,"33":0,"34":0,"35":0},"f":{"0":0,"1":0,"2":0,"3":0,"4":0},"b":{"0":[0,0],"1":[0,0],"2":[0,0],"3":[0,0],"4":[0,0],"5":[0,0],"6":[0,0]}}
,"D:\\Repositories\\resume_scanner\\frontend\\src\\components\\dashboard\\Dashboard.tsx": {"path":"D:\\Repositories\\resume_scanner\\frontend\\src\\components\\dashboard\\Dashboard.tsx","statementMap":{"0":{"start":{"line":9,"column":18},"end":{"line":30,"column":1}},"1":{"start":{"line":10,"column":2},"end":{"line":10,"column":15}},"2":{"start":{"line":11,"column":2},"end":{"line":29,"column":4}}},"fnMap":{"0":{"name":"(anonymous_0)","decl":{"start":{"line":9,"column":18},"end":{"line":9,"column":19}},"loc":{"start":{"line":9,"column":24},"end":{"line":30,"column":1}},"line":9}},"branchMap":{},"s":{"0":0,"1":0,"2":0},"f":{"0":0},"b":{}}
,"D:\\Repositories\\resume_scanner\\frontend\\src\\components\\dashboard\\ImprovementSuggestions.tsx": {"path":"D:\\Repositories\\resume_scanner\\frontend\\src\\components\\dashboard\\ImprovementSuggestions.tsx","statementMap":{"0":{"start":{"line":2,"column":31},"end":{"line":21,"column":1}},"1":{"start":{"line":3,"column":22},"end":{"line":7,"column":3}},"2":{"start":{"line":9,"column":2},"end":{"line":20,"column":4}},"3":{"start":{"line":14,"column":10},"end":{"line":16,"column":15}}},"fnMap":{"0":{"name":"(anonymous_0)","decl":{"start":{"line":2,"column":31},"end":{"line":2,"column":32}},"loc":{"start":{"line":2,"column":37},"end":{"line":21,"column":1}},"line":2},"1":{"name":"(anonymous_1)","decl":{"start":{"line":13,"column":25},"end":{"line":13,"column":26}},"loc":{"start":{"line":14,"column":10},"end":{"line":16,"column":15}},"line":14}},"branchMap":{},"s":{"0":0,"1":0,"2":0,"3":0},"f":{"0":0,"1":0},"b":{}}
,"D:\\Repositories\\resume_scanner\\frontend\\src\\components\\dashboard\\ResumeFitScore.tsx": {"path":"D:\\Repositories\\resume_scanner\\frontend\\src\\components\\dashboard\\ResumeFitScore.tsx","statementMap":{"0":{"start":{"line":4,"column":23},"end":{"line":16,"column":1}},"1":{"start":{"line":5,"column":19},"end":{"line":5,"column":21}},"2":{"start":{"line":7,"column":2},"end":{"line":15,"column":4}}},"fnMap":{"0":{"name":"(anonymous_0)","decl":{"start":{"line":4,"column":23},"end":{"line":4,"column":24}},"loc":{"start":{"line":4,"column":29},"end":{"line":16,"column":1}},"line":4}},"branchMap":{},"s":{"0":0,"1":0,"2":0},"f":{"0":0},"b":{}}
,"D:\\Repositories\\resume_scanner\\frontend\\src\\components\\dashboard\\ResumeView.tsx": {"path":"D:\\Repositories\\resume_scanner\\frontend\\src\\components\\dashboard\\ResumeView.tsx","statementMap":{"0":{"start":{"line":7,"column":29},"end":{"line":21,"column":1}},"1":{"start":{"line":8,"column":2},"end":{"line":20,"column":4}}},"fnMap":{"0":{"name":"(anonymous_0)","decl":{"start":{"line":7,"column":29},"end":{"line":7,"column":30}},"loc":{"start":{"line":7,"column":35},"end":{"line":21,"column":1}},"line":7}},"branchMap":{},"s":{"0":0,"1":0},"f":{"0":0},"b":{}}
,"D:\\Repositories\\resume_scanner\\frontend\\src\\components\\dashboard\\SkillsMatched.tsx": {"path":"D:\\Repositories\\resume_scanner\\frontend\\src\\components\\dashboard\\SkillsMatched.tsx","statementMap":{"0":{"start":{"line":4,"column":22},"end":{"line":17,"column":1}},"1":{"start":{"line":5,"column":17},"end":{"line":5,"column":70}},"2":{"start":{"line":7,"column":2},"end":{"line":16,"column":4}},"3":{"start":{"line":12,"column":10},"end":{"line":12,"column":70}}},"fnMap":{"0":{"name":"(anonymous_0)","decl":{"start":{"line":4,"column":22},"end":{"line":4,"column":23}},"loc":{"start":{"line":4,"column":28},"end":{"line":17,"column":1}},"line":4},"1":{"name":"(anonymous_1)","decl":{"start":{"line":11,"column":20},"end":{"line":11,"column":21}},"loc":{"start":{"line":12,"column":10},"end":{"line":12,"column":70}},"line":12}},"branchMap":{},"s":{"0":0,"1":0,"2":0,"3":0},"f":{"0":0,"1":0},"b":{}}
,"D:\\Repositories\\resume_scanner\\frontend\\src\\components\\form\\FileInput.tsx": {"path":"D:\\Repositories\\resume_scanner\\frontend\\src\\components\\form\\FileInput.tsx","statementMap":{"0":{"start":{"line":9,"column":44},"end":{"line":39,"column":1}},"1":{"start":{"line":10,"column":27},"end":{"line":28,"column":3}},"2":{"start":{"line":11,"column":17},"end":{"line":11,"column":40}},"3":{"start":{"line":12,"column":4},"end":{"line":12,"column":22}},"4":{"start":{"line":12,"column":15},"end":{"line":12,"column":22}},"5":{"start":{"line":14,"column":21},"end":{"line":14,"column":35}},"6":{"start":{"line":15,"column":4},"end":{"line":15,"column":34}},"7":{"start":{"line":17,"column":4},"end":{"line":27,"column":5}},"8":{"start":{"line":18,"column":23},"end":{"line":22,"column":8}},"9":{"start":{"line":23,"column":6},"end":{"line":23,"column":35}},"10":{"start":{"line":25,"column":6},"end":{"line":25,"column":27}},"11":{"start":{"line":26,"column":6},"end":{"line":26,"column":62}},"12":{"start":{"line":30,"column":2},"end":{"line":37,"column":4}}},"fnMap":{"0":{"name":"(anonymous_0)","decl":{"start":{"line":9,"column":44},"end":{"line":9,"column":45}},"loc":{"start":{"line":9,"column":59},"end":{"line":39,"column":1}},"line":9},"1":{"name":"(anonymous_1)","decl":{"start":{"line":10,"column":27},"end":{"line":10,"column":28}},"loc":{"start":{"line":10,"column":81},"end":{"line":28,"column":3}},"line":10}},"branchMap":{"0":{"loc":{"start":{"line":12,"column":4},"end":{"line":12,"column":22}},"type":"if","locations":[{"start":{"line":12,"column":4},"end":{"line":12,"column":22}},{"start":{},"end":{}}],"line":12}},"s":{"0":0,"1":0,"2":0,"3":0,"4":0,"5":0,"6":0,"7":0,"8":0,"9":0,"10":0,"11":0,"12":0},"f":{"0":0,"1":0},"b":{"0":[0,0]}}
,"D:\\Repositories\\resume_scanner\\frontend\\src\\components\\form\\InputComp.tsx": {"path":"D:\\Repositories\\resume_scanner\\frontend\\src\\components\\form\\InputComp.tsx","statementMap":{"0":{"start":{"line":6,"column":37},"end":{"line":22,"column":1}},"1":{"start":{"line":7,"column":2},"end":{"line":7,"column":14}},"2":{"start":{"line":8,"column":2},"end":{"line":21,"column":4}}},"fnMap":{"0":{"name":"(anonymous_0)","decl":{"start":{"line":6,"column":37},"end":{"line":6,"column":38}},"loc":{"start":{"line":6,"column":43},"end":{"line":22,"column":1}},"line":6}},"branchMap":{},"s":{"0":0,"1":0,"2":0},"f":{"0":0},"b":{}}
,"D:\\Repositories\\resume_scanner\\frontend\\src\\components\\form\\JobInput.tsx": {"path":"D:\\Repositories\\resume_scanner\\frontend\\src\\components\\form\\JobInput.tsx","statementMap":{"0":{"start":{"line":11,"column":42},"end":{"line":57,"column":1}},"1":{"start":{"line":12,"column":26},"end":{"line":12,"column":46}},"2":{"start":{"line":14,"column":23},"end":{"line":18,"column":3}},"3":{"start":{"line":15,"column":4},"end":{"line":17,"column":5}},"4":{"start":{"line":16,"column":6},"end":{"line":16,"column":30}},"5":{"start":{"line":20,"column":23},"end":{"line":33,"column":3}},"6":{"start":{"line":21,"column":4},"end":{"line":32,"column":5}},"7":{"start":{"line":22,"column":23},"end":{"line":27,"column":7}},"8":{"start":{"line":28,"column":6},"end":{"line":28,"column":35}},"9":{"start":{"line":30,"column":6},"end":{"line":30,"column":27}},"10":{"start":{"line":31,"column":6},"end":{"line":31,"column":71}},"11":{"start":{"line":35,"column":2},"end":{"line":56,"column":4}}},"fnMap":{"0":{"name":"(anonymous_0)","decl":{"start":{"line":11,"column":42},"end":{"line":11,"column":43}},"loc":{"start":{"line":11,"column":57},"end":{"line":57,"column":1}},"line":11},"1":{"name":"(anonymous_1)","decl":{"start":{"line":14,"column":23},"end":{"line":14,"column":24}},"loc":{"start":{"line":14,"column":70},"end":{"line":18,"column":3}},"line":14},"2":{"name":"(anonymous_2)","decl":{"start":{"line":20,"column":23},"end":{"line":20,"column":24}},"loc":{"start":{"line":20,"column":35},"end":{"line":33,"column":3}},"line":20}},"branchMap":{"0":{"loc":{"start":{"line":15,"column":4},"end":{"line":17,"column":5}},"type":"if","locations":[{"start":{"line":15,"column":4},"end":{"line":17,"column":5}},{"start":{},"end":{}}],"line":15},"1":{"loc":{"start":{"line":47,"column":10},"end":{"line":47,"column":59}},"type":"cond-expr","locations":[{"start":{"line":47,"column":31},"end":{"line":47,"column":54}},{"start":{"line":47,"column":57},"end":{"line":47,"column":59}}],"line":47}},"s":{"0":0,"1":0,"2":0,"3":0,"4":0,"5":0,"6":0,"7":0,"8":0,"9":0,"10":0,"11":0},"f":{"0":0,"1":0,"2":0},"b":{"0":[0,0],"1":[0,0]}}
,"D:\\Repositories\\resume_scanner\\frontend\\src\\components\\shared\\Card.tsx": {"path":"D:\\Repositories\\resume_scanner\\frontend\\src\\components\\shared\\Card.tsx","statementMap":{},"fnMap":{},"branchMap":{},"s":{},"f":{},"b":{}}
,"D:\\Repositories\\resume_scanner\\frontend\\src\\components\\shared\\NavBar.tsx": {"path":"D:\\Repositories\\resume_scanner\\frontend\\src\\components\\shared\\NavBar.tsx","statementMap":{"0":{"start":{"line":5,"column":25},"end":{"line":25,"column":1}},"1":{"start":{"line":6,"column":30},"end":{"line":6,"column":45}},"2":{"start":{"line":8,"column":2},"end":{"line":24,"column":4}}},"fnMap":{"0":{"name":"(anonymous_0)","decl":{"start":{"line":5,"column":25},"end":{"line":5,"column":26}},"loc":{"start":{"line":5,"column":31},"end":{"line":25,"column":1}},"line":5}},"branchMap":{"0":{"loc":{"start":{"line":17,"column":40},"end":{"line":17,"column":60}},"type":"cond-expr","locations":[{"start":{"line":17,"column":49},"end":{"line":17,"column":55}},{"start":{"line":17,"column":58},"end":{"line":17,"column":60}}],"line":17}},"s":{"0":0,"1":0,"2":0},"f":{"0":0},"b":{"0":[0,0]}}
,"D:\\Repositories\\resume_scanner\\frontend\\src\\components\\shared\\ProgressBar.tsx": {"path":"D:\\Repositories\\resume_scanner\\frontend\\src\\components\\shared\\ProgressBar.tsx","statementMap":{"0":{"start":{"line":7,"column":48},"end":{"line":16,"column":1}},"1":{"start":{"line":8,"column":2},"end":{"line":15,"column":4}}},"fnMap":{"0":{"name":"(anonymous_0)","decl":{"start":{"line":7,"column":48},"end":{"line":7,"column":49}},"loc":{"start":{"line":7,"column":63},"end":{"line":16,"column":1}},"line":7}},"branchMap":{},"s":{"0":0,"1":0},"f":{"0":0},"b":{}}
}
